
------------------------------------
  Logging start.  ## CURRENT TIME  : [9/20, 2019   23:54  22.955]  ## COMMAND LINE  : 
cmd /C "gen_csini.exe"
------------------------------------
[STD-IN] : C:\Users\project\Desktop\TX_Project\.metadata\.plugins\sst.csgp\bin\env_vars.txt
GUI is waiting for subprocess to be done...
Execution done. EXIT CODE = 0
  Logging finished.  ## CURRENT TIME  : [9/20, 2019   23:54  26.34]
------------------------------------

------------------------------------
  Logging start.  ## CURRENT TIME  : [10/7, 2019   22:26  5.796]  ## COMMAND LINE  : 
cmd /C "gen_csini.exe"
------------------------------------
[STD-IN] : C:\Users\project\Desktop\TX_Project\.metadata\.plugins\sst.csgp\bin\env_vars.txt
GUI is waiting for subprocess to be done...
Execution done. EXIT CODE = 0
  Logging finished.  ## CURRENT TIME  : [10/7, 2019   22:26  10.455]
------------------------------------

------------------------------------
  Logging start.  ## CURRENT TIME  : [10/13, 2019   22:54  44.991]  ## COMMAND LINE  : 
cmd /C "gen_csini.exe"
------------------------------------
[STD-IN] : C:\Users\project\Desktop\TX_Project\.metadata\.plugins\sst.csgp\bin\env_vars.txt
GUI is waiting for subprocess to be done...
Execution done. EXIT CODE = 0
  Logging finished.  ## CURRENT TIME  : [10/13, 2019   22:54  48.157]
------------------------------------

------------------------------------
  Logging start.  ## CURRENT TIME  : [10/17, 2019   9:13  8.649]  ## COMMAND LINE  : 
cmd /C "gen_csini.exe"
------------------------------------
[STD-IN] : C:\Users\project\Desktop\TX_Project\.metadata\.plugins\sst.csgp\bin\env_vars.txt
GUI is waiting for subprocess to be done...
Execution done. EXIT CODE = 0
  Logging finished.  ## CURRENT TIME  : [10/17, 2019   9:13  12.265]
------------------------------------

------------------------------------
  Logging start.  ## CURRENT TIME  : [10/18, 2019   11:57  19.191]  ## COMMAND LINE  : 
cmd /C "gen_csini.exe"
------------------------------------
[STD-IN] : C:\Users\project\Desktop\TX_Project\.metadata\.plugins\sst.csgp\bin\env_vars.txt
GUI is waiting for subprocess to be done...
Execution done. EXIT CODE = 0
  Logging finished.  ## CURRENT TIME  : [10/18, 2019   11:57  27.376]
------------------------------------

------------------------------------
  Logging start.  ## CURRENT TIME  : [10/18, 2019   13:12  39.237]  ## COMMAND LINE  : 
cmd /C "gen_csini.exe"
------------------------------------
[STD-IN] : C:\Users\project\Desktop\TX_Project\.metadata\.plugins\sst.csgp\bin\env_vars.txt
GUI is waiting for subprocess to be done...
Execution done. EXIT CODE = 0
  Logging finished.  ## CURRENT TIME  : [10/18, 2019   13:12  43.45]
------------------------------------

------------------------------------
  Logging start.  ## CURRENT TIME  : [10/22, 2019   8:46  44.754]  ## COMMAND LINE  : 
cmd /C "gen_csini.exe"
------------------------------------
[STD-IN] : C:\Users\project\Desktop\TX_Project\.metadata\.plugins\sst.csgp\bin\env_vars.txt
GUI is waiting for subprocess to be done...
Execution done. EXIT CODE = 0
  Logging finished.  ## CURRENT TIME  : [10/22, 2019   8:46  49.63]
------------------------------------

------------------------------------
  Logging start.  ## CURRENT TIME  : [10/23, 2019   8:49  30.887]  ## COMMAND LINE  : 
cmd /C "gen_csini.exe"
------------------------------------
[STD-IN] : C:\Users\project\Desktop\TX_Project\.metadata\.plugins\sst.csgp\bin\env_vars.txt
GUI is waiting for subprocess to be done...
Execution done. EXIT CODE = 0
  Logging finished.  ## CURRENT TIME  : [10/23, 2019   8:49  35.236]
------------------------------------

------------------------------------
  Logging start.  ## CURRENT TIME  : [11/1, 2019   12:21  54.318]  ## COMMAND LINE  : 
cmd /C "gen_csini.exe"
------------------------------------
[STD-IN] : C:\Users\project\Desktop\TX_Project\.metadata\.plugins\sst.csgp\bin\env_vars.txt
GUI is waiting for subprocess to be done...
Execution done. EXIT CODE = 0
  Logging finished.  ## CURRENT TIME  : [11/1, 2019   12:21  57.534]
------------------------------------

------------------------------------
  Logging start.  ## CURRENT TIME  : [11/4, 2019   7:30  15.652]  ## COMMAND LINE  : 
cmd /C "gen_csini.exe"
------------------------------------
[STD-IN] : C:\Users\project\Desktop\TX_Project\.metadata\.plugins\sst.csgp\bin\env_vars.txt
GUI is waiting for subprocess to be done...
Execution done. EXIT CODE = 0
  Logging finished.  ## CURRENT TIME  : [11/4, 2019   7:30  19.395]
------------------------------------

------------------------------------
  Logging start.  ## CURRENT TIME  : [11/8, 2019   6:52  9.722]  ## COMMAND LINE  : 
cmd /C "gen_csini.exe"
------------------------------------
[STD-IN] : C:\Users\project\Desktop\TX_Project\.metadata\.plugins\sst.csgp\bin\env_vars.txt
GUI is waiting for subprocess to be done...
Execution done. EXIT CODE = 0
  Logging finished.  ## CURRENT TIME  : [11/8, 2019   6:52  12.625]
------------------------------------

------------------------------------
  Logging start.  ## CURRENT TIME  : [11/8, 2019   16:31  43.697]  ## COMMAND LINE  : 
cmd /C "gen_csini.exe"
------------------------------------
[STD-IN] : C:\Users\project\Desktop\TX_Project\.metadata\.plugins\sst.csgp\bin\env_vars.txt
GUI is waiting for subprocess to be done...
Execution done. EXIT CODE = 0
  Logging finished.  ## CURRENT TIME  : [11/8, 2019   16:31  51.203]
------------------------------------
